21/04/06 00:02:41 INFO pig.ExecTypeProvider: Trying ExecType : LOCAL
21/04/06 00:02:41 INFO pig.ExecTypeProvider: Trying ExecType : MAPREDUCE
21/04/06 00:02:41 INFO pig.ExecTypeProvider: Picked MAPREDUCE as the ExecType
2021-04-06 00:02:41,319 [main] INFO  org.apache.pig.Main - Apache Pig version 0.15.0 (r1682971) compiled Jun 01 2015, 11:44:35
2021-04-06 00:02:41,319 [main] INFO  org.apache.pig.Main - Logging error messages to: /home/2017/tchang20/pig_1617681761317.log
2021-04-06 00:02:41,977 [main] INFO  org.apache.pig.impl.util.Utils - Default bootup file /home/2017/tchang20/.pigbootup not found
2021-04-06 00:02:42,135 [main] INFO  org.apache.hadoop.conf.Configuration.deprecation - mapred.job.tracker is deprecated. Instead, use mapreduce.jobtracker.address
2021-04-06 00:02:42,135 [main] INFO  org.apache.hadoop.conf.Configuration.deprecation - fs.default.name is deprecated. Instead, use fs.defaultFS
2021-04-06 00:02:42,135 [main] INFO  org.apache.pig.backend.hadoop.executionengine.HExecutionEngine - Connecting to hadoop file system at: hdfs://winter2021-comp421-1.cs.mcgill.ca:9000
2021-04-06 00:02:43,193 [main] INFO  org.apache.hadoop.conf.Configuration.deprecation - fs.default.name is deprecated. Instead, use fs.defaultFS
2021-04-06 00:02:43,343 [main] WARN  org.apache.pig.newplan.BaseOperatorPlan - Encountered Warning IMPLICIT_CAST_TO_LONG 1 time(s).
2021-04-06 00:02:43,353 [main] INFO  org.apache.pig.tools.pigstats.ScriptState - Pig features used in the script: GROUP_BY,ORDER_BY,FILTER
2021-04-06 00:02:43,381 [main] INFO  org.apache.hadoop.conf.Configuration.deprecation - fs.default.name is deprecated. Instead, use fs.defaultFS
2021-04-06 00:02:43,384 [main] INFO  org.apache.pig.data.SchemaTupleBackend - Key [pig.schematuple] was not set... will not generate code.
2021-04-06 00:02:43,406 [main] INFO  org.apache.pig.newplan.logical.optimizer.LogicalPlanOptimizer - {RULES_ENABLED=[AddForEach, ColumnMapKeyPrune, ConstantCalculator, GroupByConstParallelSetter, LimitOptimizer, LoadTypeCastInserter, MergeFilter, MergeForEach, PartitionFilterOptimizer, PredicatePushdownOptimizer, PushDownForEachFlatten, PushUpFilter, SplitFilter, StreamTypeCastInserter]}
2021-04-06 00:02:43,464 [main] INFO  org.apache.hadoop.conf.Configuration.deprecation - fs.default.name is deprecated. Instead, use fs.defaultFS
2021-04-06 00:02:43,519 [main] INFO  org.apache.pig.backend.hadoop.executionengine.mapReduceLayer.MRCompiler - File concatenation threshold: 100 optimistic? false
2021-04-06 00:02:43,537 [main] INFO  org.apache.pig.backend.hadoop.executionengine.util.CombinerOptimizerUtil - Choosing to move algebraic foreach to combiner
2021-04-06 00:02:43,549 [main] INFO  org.apache.pig.backend.hadoop.executionengine.mapReduceLayer.SecondaryKeyOptimizerMR - Using Secondary Key Optimization for MapReduce node scope-43
2021-04-06 00:02:43,558 [main] INFO  org.apache.pig.backend.hadoop.executionengine.mapReduceLayer.MultiQueryOptimizer - MR plan size before optimization: 3
2021-04-06 00:02:43,558 [main] INFO  org.apache.pig.backend.hadoop.executionengine.mapReduceLayer.MultiQueryOptimizer - MR plan size after optimization: 3
2021-04-06 00:02:43,580 [main] INFO  org.apache.hadoop.conf.Configuration.deprecation - fs.default.name is deprecated. Instead, use fs.defaultFS
2021-04-06 00:02:43,606 [main] INFO  org.apache.hadoop.yarn.client.RMProxy - Connecting to ResourceManager at winter2021-comp421-1.cs.mcgill.ca/132.206.51.211:8032
2021-04-06 00:02:43,764 [main] INFO  org.apache.pig.tools.pigstats.mapreduce.MRScriptState - Pig script settings are added to the job
2021-04-06 00:02:43,769 [main] INFO  org.apache.hadoop.conf.Configuration.deprecation - mapred.job.reduce.markreset.buffer.percent is deprecated. Instead, use mapreduce.reduce.markreset.buffer.percent
2021-04-06 00:02:43,769 [main] INFO  org.apache.pig.backend.hadoop.executionengine.mapReduceLayer.JobControlCompiler - mapred.job.reduce.markreset.buffer.percent is not set, set to default 0.3
2021-04-06 00:02:43,769 [main] INFO  org.apache.hadoop.conf.Configuration.deprecation - mapred.output.compress is deprecated. Instead, use mapreduce.output.fileoutputformat.compress
2021-04-06 00:02:43,771 [main] INFO  org.apache.pig.backend.hadoop.executionengine.mapReduceLayer.JobControlCompiler - Reduce phase detected, estimating # of required reducers.
2021-04-06 00:02:43,771 [main] INFO  org.apache.pig.backend.hadoop.executionengine.mapReduceLayer.JobControlCompiler - Using reducer estimator: org.apache.pig.backend.hadoop.executionengine.mapReduceLayer.InputSizeReducerEstimator
2021-04-06 00:02:43,782 [main] INFO  org.apache.pig.backend.hadoop.executionengine.mapReduceLayer.InputSizeReducerEstimator - BytesPerReducer=1000000000 maxReducers=999 totalInputFileSize=171822
2021-04-06 00:02:43,782 [main] INFO  org.apache.pig.backend.hadoop.executionengine.mapReduceLayer.JobControlCompiler - Setting Parallelism to 1
2021-04-06 00:02:43,782 [main] INFO  org.apache.hadoop.conf.Configuration.deprecation - mapred.reduce.tasks is deprecated. Instead, use mapreduce.job.reduces
2021-04-06 00:02:43,782 [main] INFO  org.apache.pig.backend.hadoop.executionengine.mapReduceLayer.JobControlCompiler - This job cannot be converted run in-process
2021-04-06 00:02:44,068 [main] INFO  org.apache.pig.backend.hadoop.executionengine.mapReduceLayer.JobControlCompiler - Added jar file:/data/cs421/softwares/apache/pig-0.15.0/pig-0.15.0-core-h2.jar to DistributedCache through /tmp/temp2117596152/tmp48986743/pig-0.15.0-core-h2.jar
2021-04-06 00:02:44,099 [main] INFO  org.apache.pig.backend.hadoop.executionengine.mapReduceLayer.JobControlCompiler - Added jar file:/data/cs421/softwares/apache/pig-0.15.0/lib/automaton-1.11-8.jar to DistributedCache through /tmp/temp2117596152/tmp1098767205/automaton-1.11-8.jar
2021-04-06 00:02:44,128 [main] INFO  org.apache.pig.backend.hadoop.executionengine.mapReduceLayer.JobControlCompiler - Added jar file:/data/cs421/softwares/apache/pig-0.15.0/lib/antlr-runtime-3.4.jar to DistributedCache through /tmp/temp2117596152/tmp-280638064/antlr-runtime-3.4.jar
2021-04-06 00:02:44,156 [main] INFO  org.apache.pig.backend.hadoop.executionengine.mapReduceLayer.JobControlCompiler - Added jar file:/data/cs421/softwares/apache/pig-0.15.0/lib/joda-time-2.5.jar to DistributedCache through /tmp/temp2117596152/tmp-1378665995/joda-time-2.5.jar
2021-04-06 00:02:44,181 [main] INFO  org.apache.pig.backend.hadoop.executionengine.mapReduceLayer.JobControlCompiler - Setting up single store job
2021-04-06 00:02:44,186 [main] INFO  org.apache.pig.data.SchemaTupleFrontend - Key [pig.schematuple] is false, will not generate code.
2021-04-06 00:02:44,186 [main] INFO  org.apache.pig.data.SchemaTupleFrontend - Starting process to move generated code to distributed cacche
2021-04-06 00:02:44,186 [main] INFO  org.apache.pig.data.SchemaTupleFrontend - Setting key [pig.schematuple.classes] with classes to deserialize []
2021-04-06 00:02:44,257 [main] INFO  org.apache.pig.backend.hadoop.executionengine.mapReduceLayer.MapReduceLauncher - 1 map-reduce job(s) waiting for submission.
2021-04-06 00:02:44,258 [main] INFO  org.apache.hadoop.conf.Configuration.deprecation - mapred.job.tracker.http.address is deprecated. Instead, use mapreduce.jobtracker.http.address
2021-04-06 00:02:44,263 [JobControl] INFO  org.apache.hadoop.yarn.client.RMProxy - Connecting to ResourceManager at winter2021-comp421-1.cs.mcgill.ca/132.206.51.211:8032
2021-04-06 00:02:44,275 [JobControl] INFO  org.apache.hadoop.conf.Configuration.deprecation - fs.default.name is deprecated. Instead, use fs.defaultFS
2021-04-06 00:02:44,350 [JobControl] WARN  org.apache.hadoop.mapreduce.JobResourceUploader - No job jar file set.  User classes may not be found. See Job or Job#setJar(String).
2021-04-06 00:02:44,383 [JobControl] INFO  org.apache.hadoop.mapreduce.lib.input.FileInputFormat - Total input paths to process : 1
2021-04-06 00:02:44,383 [JobControl] INFO  org.apache.pig.backend.hadoop.executionengine.util.MapRedUtil - Total input paths to process : 1
2021-04-06 00:02:44,399 [JobControl] INFO  org.apache.pig.backend.hadoop.executionengine.util.MapRedUtil - Total input paths (combined) to process : 1
2021-04-06 00:02:44,487 [JobControl] INFO  org.apache.hadoop.mapreduce.JobSubmitter - number of splits:1
2021-04-06 00:02:44,596 [JobControl] INFO  org.apache.hadoop.mapreduce.JobSubmitter - Submitting tokens for job: job_1614804978562_6837
2021-04-06 00:02:44,734 [JobControl] INFO  org.apache.hadoop.mapred.YARNRunner - Job jar is not present. Not adding any jar to the list of resources.
2021-04-06 00:02:44,891 [JobControl] INFO  org.apache.hadoop.yarn.client.api.impl.YarnClientImpl - Submitted application application_1614804978562_6837
2021-04-06 00:02:44,975 [JobControl] INFO  org.apache.hadoop.mapreduce.Job - The url to track the job: http://winter2021-comp421-1.cs.mcgill.ca:8088/proxy/application_1614804978562_6837/
2021-04-06 00:02:44,976 [main] INFO  org.apache.pig.backend.hadoop.executionengine.mapReduceLayer.MapReduceLauncher - HadoopJobId: job_1614804978562_6837
2021-04-06 00:02:44,976 [main] INFO  org.apache.pig.backend.hadoop.executionengine.mapReduceLayer.MapReduceLauncher - Processing aliases coviddata,deaths,filteredData,provinces
2021-04-06 00:02:44,976 [main] INFO  org.apache.pig.backend.hadoop.executionengine.mapReduceLayer.MapReduceLauncher - detailed locations: M: coviddata[4,12],coviddata[-1,-1],deaths[10,9],provinces[7,12] C: deaths[10,9],provinces[7,12] R: deaths[10,9],filteredData[14,15]
2021-04-06 00:02:45,000 [main] INFO  org.apache.pig.backend.hadoop.executionengine.mapReduceLayer.MapReduceLauncher - 0% complete
2021-04-06 00:02:45,000 [main] INFO  org.apache.pig.backend.hadoop.executionengine.mapReduceLayer.MapReduceLauncher - Running jobs are [job_1614804978562_6837]
2021-04-06 00:02:59,158 [main] INFO  org.apache.pig.backend.hadoop.executionengine.mapReduceLayer.MapReduceLauncher - 16% complete
2021-04-06 00:02:59,158 [main] INFO  org.apache.pig.backend.hadoop.executionengine.mapReduceLayer.MapReduceLauncher - Running jobs are [job_1614804978562_6837]
2021-04-06 00:03:05,170 [main] INFO  org.apache.pig.backend.hadoop.executionengine.mapReduceLayer.MapReduceLauncher - 33% complete
2021-04-06 00:03:05,170 [main] INFO  org.apache.pig.backend.hadoop.executionengine.mapReduceLayer.MapReduceLauncher - Running jobs are [job_1614804978562_6837]
2021-04-06 00:03:10,193 [main] INFO  org.apache.hadoop.yarn.client.RMProxy - Connecting to ResourceManager at winter2021-comp421-1.cs.mcgill.ca/132.206.51.211:8032
2021-04-06 00:03:10,205 [main] INFO  org.apache.hadoop.mapred.ClientServiceDelegate - Application state is completed. FinalApplicationStatus=SUCCEEDED. Redirecting to job history server
2021-04-06 00:03:10,488 [main] INFO  org.apache.hadoop.yarn.client.RMProxy - Connecting to ResourceManager at winter2021-comp421-1.cs.mcgill.ca/132.206.51.211:8032
2021-04-06 00:03:10,498 [main] INFO  org.apache.hadoop.mapred.ClientServiceDelegate - Application state is completed. FinalApplicationStatus=SUCCEEDED. Redirecting to job history server
2021-04-06 00:03:10,610 [main] INFO  org.apache.hadoop.yarn.client.RMProxy - Connecting to ResourceManager at winter2021-comp421-1.cs.mcgill.ca/132.206.51.211:8032
2021-04-06 00:03:10,618 [main] INFO  org.apache.hadoop.mapred.ClientServiceDelegate - Application state is completed. FinalApplicationStatus=SUCCEEDED. Redirecting to job history server
2021-04-06 00:03:10,730 [main] INFO  org.apache.pig.tools.pigstats.mapreduce.MRScriptState - Pig script settings are added to the job
2021-04-06 00:03:10,731 [main] INFO  org.apache.pig.backend.hadoop.executionengine.mapReduceLayer.JobControlCompiler - mapred.job.reduce.markreset.buffer.percent is not set, set to default 0.3
2021-04-06 00:03:10,733 [main] INFO  org.apache.pig.backend.hadoop.executionengine.mapReduceLayer.JobControlCompiler - Reduce phase detected, estimating # of required reducers.
2021-04-06 00:03:10,733 [main] INFO  org.apache.pig.backend.hadoop.executionengine.mapReduceLayer.JobControlCompiler - Using reducer estimator: org.apache.pig.backend.hadoop.executionengine.mapReduceLayer.InputSizeReducerEstimator
2021-04-06 00:03:10,751 [main] INFO  org.apache.pig.backend.hadoop.executionengine.mapReduceLayer.InputSizeReducerEstimator - BytesPerReducer=1000000000 maxReducers=999 totalInputFileSize=116
2021-04-06 00:03:10,753 [main] INFO  org.apache.pig.backend.hadoop.executionengine.mapReduceLayer.JobControlCompiler - Setting Parallelism to 1
2021-04-06 00:03:10,753 [main] INFO  org.apache.pig.backend.hadoop.executionengine.mapReduceLayer.JobControlCompiler - This job cannot be converted run in-process
2021-04-06 00:03:10,869 [main] INFO  org.apache.pig.backend.hadoop.executionengine.mapReduceLayer.JobControlCompiler - Added jar file:/data/cs421/softwares/apache/pig-0.15.0/pig-0.15.0-core-h2.jar to DistributedCache through /tmp/temp2117596152/tmp-445251651/pig-0.15.0-core-h2.jar
2021-04-06 00:03:10,915 [main] INFO  org.apache.pig.backend.hadoop.executionengine.mapReduceLayer.JobControlCompiler - Added jar file:/data/cs421/softwares/apache/pig-0.15.0/lib/automaton-1.11-8.jar to DistributedCache through /tmp/temp2117596152/tmp-1078511321/automaton-1.11-8.jar
2021-04-06 00:03:10,967 [main] INFO  org.apache.pig.backend.hadoop.executionengine.mapReduceLayer.JobControlCompiler - Added jar file:/data/cs421/softwares/apache/pig-0.15.0/lib/antlr-runtime-3.4.jar to DistributedCache through /tmp/temp2117596152/tmp-547524459/antlr-runtime-3.4.jar
2021-04-06 00:03:11,013 [main] INFO  org.apache.pig.backend.hadoop.executionengine.mapReduceLayer.JobControlCompiler - Added jar file:/data/cs421/softwares/apache/pig-0.15.0/lib/joda-time-2.5.jar to DistributedCache through /tmp/temp2117596152/tmp1614581539/joda-time-2.5.jar
2021-04-06 00:03:11,034 [main] INFO  org.apache.pig.backend.hadoop.executionengine.mapReduceLayer.JobControlCompiler - Setting up single store job
2021-04-06 00:03:11,035 [main] INFO  org.apache.pig.data.SchemaTupleFrontend - Key [pig.schematuple] is false, will not generate code.
2021-04-06 00:03:11,035 [main] INFO  org.apache.pig.data.SchemaTupleFrontend - Starting process to move generated code to distributed cacche
2021-04-06 00:03:11,035 [main] INFO  org.apache.pig.data.SchemaTupleFrontend - Setting key [pig.schematuple.classes] with classes to deserialize []
2021-04-06 00:03:11,070 [main] INFO  org.apache.pig.backend.hadoop.executionengine.mapReduceLayer.MapReduceLauncher - 1 map-reduce job(s) waiting for submission.
2021-04-06 00:03:11,077 [JobControl] INFO  org.apache.hadoop.yarn.client.RMProxy - Connecting to ResourceManager at winter2021-comp421-1.cs.mcgill.ca/132.206.51.211:8032
2021-04-06 00:03:11,090 [JobControl] INFO  org.apache.hadoop.conf.Configuration.deprecation - fs.default.name is deprecated. Instead, use fs.defaultFS
2021-04-06 00:03:11,115 [JobControl] WARN  org.apache.hadoop.mapreduce.JobResourceUploader - No job jar file set.  User classes may not be found. See Job or Job#setJar(String).
2021-04-06 00:03:11,163 [JobControl] INFO  org.apache.hadoop.mapreduce.lib.input.FileInputFormat - Total input paths to process : 1
2021-04-06 00:03:11,164 [JobControl] INFO  org.apache.pig.backend.hadoop.executionengine.util.MapRedUtil - Total input paths to process : 1
2021-04-06 00:03:11,164 [JobControl] INFO  org.apache.pig.backend.hadoop.executionengine.util.MapRedUtil - Total input paths (combined) to process : 1
2021-04-06 00:03:11,257 [JobControl] INFO  org.apache.hadoop.mapreduce.JobSubmitter - number of splits:1
2021-04-06 00:03:11,326 [JobControl] INFO  org.apache.hadoop.mapreduce.JobSubmitter - Submitting tokens for job: job_1614804978562_6838
2021-04-06 00:03:11,332 [JobControl] INFO  org.apache.hadoop.mapred.YARNRunner - Job jar is not present. Not adding any jar to the list of resources.
2021-04-06 00:03:11,375 [JobControl] INFO  org.apache.hadoop.yarn.client.api.impl.YarnClientImpl - Submitted application application_1614804978562_6838
2021-04-06 00:03:11,379 [JobControl] INFO  org.apache.hadoop.mapreduce.Job - The url to track the job: http://winter2021-comp421-1.cs.mcgill.ca:8088/proxy/application_1614804978562_6838/
2021-04-06 00:03:11,574 [main] INFO  org.apache.pig.backend.hadoop.executionengine.mapReduceLayer.MapReduceLauncher - HadoopJobId: job_1614804978562_6838
2021-04-06 00:03:11,574 [main] INFO  org.apache.pig.backend.hadoop.executionengine.mapReduceLayer.MapReduceLauncher - Processing aliases orderData
2021-04-06 00:03:11,574 [main] INFO  org.apache.pig.backend.hadoop.executionengine.mapReduceLayer.MapReduceLauncher - detailed locations: M: orderData[17,12] C:  R: 
2021-04-06 00:03:23,709 [main] INFO  org.apache.pig.backend.hadoop.executionengine.mapReduceLayer.MapReduceLauncher - 50% complete
2021-04-06 00:03:23,709 [main] INFO  org.apache.pig.backend.hadoop.executionengine.mapReduceLayer.MapReduceLauncher - Running jobs are [job_1614804978562_6838]
2021-04-06 00:03:30,724 [main] INFO  org.apache.pig.backend.hadoop.executionengine.mapReduceLayer.MapReduceLauncher - 66% complete
2021-04-06 00:03:30,724 [main] INFO  org.apache.pig.backend.hadoop.executionengine.mapReduceLayer.MapReduceLauncher - Running jobs are [job_1614804978562_6838]
2021-04-06 00:03:31,735 [main] INFO  org.apache.hadoop.yarn.client.RMProxy - Connecting to ResourceManager at winter2021-comp421-1.cs.mcgill.ca/132.206.51.211:8032
2021-04-06 00:03:31,749 [main] INFO  org.apache.hadoop.mapred.ClientServiceDelegate - Application state is completed. FinalApplicationStatus=SUCCEEDED. Redirecting to job history server
2021-04-06 00:03:31,882 [main] INFO  org.apache.hadoop.yarn.client.RMProxy - Connecting to ResourceManager at winter2021-comp421-1.cs.mcgill.ca/132.206.51.211:8032
2021-04-06 00:03:31,891 [main] INFO  org.apache.hadoop.mapred.ClientServiceDelegate - Application state is completed. FinalApplicationStatus=SUCCEEDED. Redirecting to job history server
2021-04-06 00:03:32,062 [main] INFO  org.apache.hadoop.yarn.client.RMProxy - Connecting to ResourceManager at winter2021-comp421-1.cs.mcgill.ca/132.206.51.211:8032
2021-04-06 00:03:32,068 [main] INFO  org.apache.hadoop.mapred.ClientServiceDelegate - Application state is completed. FinalApplicationStatus=SUCCEEDED. Redirecting to job history server
2021-04-06 00:03:32,125 [main] INFO  org.apache.pig.tools.pigstats.mapreduce.MRScriptState - Pig script settings are added to the job
2021-04-06 00:03:32,125 [main] INFO  org.apache.pig.backend.hadoop.executionengine.mapReduceLayer.JobControlCompiler - mapred.job.reduce.markreset.buffer.percent is not set, set to default 0.3
2021-04-06 00:03:32,126 [main] INFO  org.apache.pig.backend.hadoop.executionengine.mapReduceLayer.JobControlCompiler - Reduce phase detected, estimating # of required reducers.
2021-04-06 00:03:32,126 [main] INFO  org.apache.pig.backend.hadoop.executionengine.mapReduceLayer.JobControlCompiler - Setting Parallelism to 1
2021-04-06 00:03:32,126 [main] INFO  org.apache.pig.backend.hadoop.executionengine.mapReduceLayer.JobControlCompiler - This job cannot be converted run in-process
2021-04-06 00:03:32,251 [main] INFO  org.apache.pig.backend.hadoop.executionengine.mapReduceLayer.JobControlCompiler - Added jar file:/data/cs421/softwares/apache/pig-0.15.0/pig-0.15.0-core-h2.jar to DistributedCache through /tmp/temp2117596152/tmp1431532501/pig-0.15.0-core-h2.jar
2021-04-06 00:03:32,291 [main] INFO  org.apache.pig.backend.hadoop.executionengine.mapReduceLayer.JobControlCompiler - Added jar file:/data/cs421/softwares/apache/pig-0.15.0/lib/automaton-1.11-8.jar to DistributedCache through /tmp/temp2117596152/tmp733022474/automaton-1.11-8.jar
2021-04-06 00:03:32,325 [main] INFO  org.apache.pig.backend.hadoop.executionengine.mapReduceLayer.JobControlCompiler - Added jar file:/data/cs421/softwares/apache/pig-0.15.0/lib/antlr-runtime-3.4.jar to DistributedCache through /tmp/temp2117596152/tmp1124430314/antlr-runtime-3.4.jar
2021-04-06 00:03:32,371 [main] INFO  org.apache.pig.backend.hadoop.executionengine.mapReduceLayer.JobControlCompiler - Added jar file:/data/cs421/softwares/apache/pig-0.15.0/lib/joda-time-2.5.jar to DistributedCache through /tmp/temp2117596152/tmp675931369/joda-time-2.5.jar
2021-04-06 00:03:32,386 [main] INFO  org.apache.pig.backend.hadoop.executionengine.mapReduceLayer.JobControlCompiler - Setting up single store job
2021-04-06 00:03:32,387 [main] INFO  org.apache.pig.data.SchemaTupleFrontend - Key [pig.schematuple] is false, will not generate code.
2021-04-06 00:03:32,387 [main] INFO  org.apache.pig.data.SchemaTupleFrontend - Starting process to move generated code to distributed cacche
2021-04-06 00:03:32,387 [main] INFO  org.apache.pig.data.SchemaTupleFrontend - Setting key [pig.schematuple.classes] with classes to deserialize []
2021-04-06 00:03:32,418 [main] INFO  org.apache.pig.backend.hadoop.executionengine.mapReduceLayer.MapReduceLauncher - 1 map-reduce job(s) waiting for submission.
2021-04-06 00:03:32,425 [JobControl] INFO  org.apache.hadoop.yarn.client.RMProxy - Connecting to ResourceManager at winter2021-comp421-1.cs.mcgill.ca/132.206.51.211:8032
2021-04-06 00:03:32,443 [JobControl] INFO  org.apache.hadoop.conf.Configuration.deprecation - fs.default.name is deprecated. Instead, use fs.defaultFS
2021-04-06 00:03:32,468 [JobControl] WARN  org.apache.hadoop.mapreduce.JobResourceUploader - No job jar file set.  User classes may not be found. See Job or Job#setJar(String).
2021-04-06 00:03:32,536 [JobControl] INFO  org.apache.hadoop.mapreduce.lib.input.FileInputFormat - Total input paths to process : 1
2021-04-06 00:03:32,536 [JobControl] INFO  org.apache.pig.backend.hadoop.executionengine.util.MapRedUtil - Total input paths to process : 1
2021-04-06 00:03:32,536 [JobControl] INFO  org.apache.pig.backend.hadoop.executionengine.util.MapRedUtil - Total input paths (combined) to process : 1
2021-04-06 00:03:32,634 [JobControl] INFO  org.apache.hadoop.mapreduce.JobSubmitter - number of splits:1
2021-04-06 00:03:32,708 [JobControl] INFO  org.apache.hadoop.mapreduce.JobSubmitter - Submitting tokens for job: job_1614804978562_6839
2021-04-06 00:03:32,714 [JobControl] INFO  org.apache.hadoop.mapred.YARNRunner - Job jar is not present. Not adding any jar to the list of resources.
2021-04-06 00:03:32,754 [JobControl] INFO  org.apache.hadoop.yarn.client.api.impl.YarnClientImpl - Submitted application application_1614804978562_6839
2021-04-06 00:03:32,759 [JobControl] INFO  org.apache.hadoop.mapreduce.Job - The url to track the job: http://winter2021-comp421-1.cs.mcgill.ca:8088/proxy/application_1614804978562_6839/
2021-04-06 00:03:32,920 [main] INFO  org.apache.pig.backend.hadoop.executionengine.mapReduceLayer.MapReduceLauncher - HadoopJobId: job_1614804978562_6839
2021-04-06 00:03:32,921 [main] INFO  org.apache.pig.backend.hadoop.executionengine.mapReduceLayer.MapReduceLauncher - Processing aliases orderData
2021-04-06 00:03:32,921 [main] INFO  org.apache.pig.backend.hadoop.executionengine.mapReduceLayer.MapReduceLauncher - detailed locations: M: orderData[17,12] C:  R: 
2021-04-06 00:03:45,068 [main] INFO  org.apache.pig.backend.hadoop.executionengine.mapReduceLayer.MapReduceLauncher - 83% complete
2021-04-06 00:03:45,068 [main] INFO  org.apache.pig.backend.hadoop.executionengine.mapReduceLayer.MapReduceLauncher - Running jobs are [job_1614804978562_6839]
2021-04-06 00:03:53,082 [main] INFO  org.apache.pig.backend.hadoop.executionengine.mapReduceLayer.MapReduceLauncher - Running jobs are [job_1614804978562_6839]
2021-04-06 00:03:58,109 [main] INFO  org.apache.hadoop.yarn.client.RMProxy - Connecting to ResourceManager at winter2021-comp421-1.cs.mcgill.ca/132.206.51.211:8032
2021-04-06 00:03:58,119 [main] INFO  org.apache.hadoop.mapred.ClientServiceDelegate - Application state is completed. FinalApplicationStatus=SUCCEEDED. Redirecting to job history server
2021-04-06 00:03:58,231 [main] INFO  org.apache.hadoop.yarn.client.RMProxy - Connecting to ResourceManager at winter2021-comp421-1.cs.mcgill.ca/132.206.51.211:8032
2021-04-06 00:03:58,239 [main] INFO  org.apache.hadoop.mapred.ClientServiceDelegate - Application state is completed. FinalApplicationStatus=SUCCEEDED. Redirecting to job history server
2021-04-06 00:03:58,306 [main] INFO  org.apache.hadoop.yarn.client.RMProxy - Connecting to ResourceManager at winter2021-comp421-1.cs.mcgill.ca/132.206.51.211:8032
2021-04-06 00:03:58,311 [main] INFO  org.apache.hadoop.mapred.ClientServiceDelegate - Application state is completed. FinalApplicationStatus=SUCCEEDED. Redirecting to job history server
2021-04-06 00:03:58,372 [main] INFO  org.apache.pig.backend.hadoop.executionengine.mapReduceLayer.MapReduceLauncher - 100% complete
2021-04-06 00:03:58,408 [main] INFO  org.apache.pig.tools.pigstats.mapreduce.SimplePigStats - Script Statistics: 

HadoopVersion	PigVersion	UserId	StartedAt	FinishedAt	Features
2.7.2	0.15.0	tchang20	2021-04-06 00:02:43	2021-04-06 00:03:58	GROUP_BY,ORDER_BY,FILTER

Success!

Job Stats (time in seconds):
JobId	Maps	Reduces	MaxMapTime	MinMapTime	AvgMapTime	MedianMapTime	MaxReduceTime	MinReduceTime	AvgReduceTime	MedianReducetime	Alias	Feature	Outputs
job_1614804978562_6837	1	1	4	4	4	4	2	2	2	2	coviddata,deaths,filteredData,provinces	GROUP_BY,COMBINER	
job_1614804978562_6838	1	1	4	4	4	4	3	3	3	3	orderData	SAMPLER	
job_1614804978562_6839	1	1	3	3	3	3	4	4	4	4	orderData	ORDER_BY	hdfs://winter2021-comp421-1.cs.mcgill.ca:9000/tmp/temp2117596152/tmp161492352,

Input(s):
Successfully read 4864 records (172217 bytes) from: "/data/Covid19Canada.csv"

Output(s):
Successfully stored 6 records (116 bytes) in: "hdfs://winter2021-comp421-1.cs.mcgill.ca:9000/tmp/temp2117596152/tmp161492352"

Counters:
Total records written : 6
Total bytes written : 116
Spillable Memory Manager spill count : 0
Total bags proactively spilled: 0
Total records proactively spilled: 0

Job DAG:
job_1614804978562_6837	->	job_1614804978562_6838,
job_1614804978562_6838	->	job_1614804978562_6839,
job_1614804978562_6839


2021-04-06 00:03:58,412 [main] INFO  org.apache.hadoop.yarn.client.RMProxy - Connecting to ResourceManager at winter2021-comp421-1.cs.mcgill.ca/132.206.51.211:8032
2021-04-06 00:03:58,417 [main] INFO  org.apache.hadoop.mapred.ClientServiceDelegate - Application state is completed. FinalApplicationStatus=SUCCEEDED. Redirecting to job history server
2021-04-06 00:03:58,486 [main] INFO  org.apache.hadoop.yarn.client.RMProxy - Connecting to ResourceManager at winter2021-comp421-1.cs.mcgill.ca/132.206.51.211:8032
2021-04-06 00:03:58,493 [main] INFO  org.apache.hadoop.mapred.ClientServiceDelegate - Application state is completed. FinalApplicationStatus=SUCCEEDED. Redirecting to job history server
2021-04-06 00:03:58,554 [main] INFO  org.apache.hadoop.yarn.client.RMProxy - Connecting to ResourceManager at winter2021-comp421-1.cs.mcgill.ca/132.206.51.211:8032
2021-04-06 00:03:58,562 [main] INFO  org.apache.hadoop.mapred.ClientServiceDelegate - Application state is completed. FinalApplicationStatus=SUCCEEDED. Redirecting to job history server
2021-04-06 00:03:58,623 [main] INFO  org.apache.hadoop.yarn.client.RMProxy - Connecting to ResourceManager at winter2021-comp421-1.cs.mcgill.ca/132.206.51.211:8032
2021-04-06 00:03:58,637 [main] INFO  org.apache.hadoop.mapred.ClientServiceDelegate - Application state is completed. FinalApplicationStatus=SUCCEEDED. Redirecting to job history server
2021-04-06 00:03:58,708 [main] INFO  org.apache.hadoop.yarn.client.RMProxy - Connecting to ResourceManager at winter2021-comp421-1.cs.mcgill.ca/132.206.51.211:8032
2021-04-06 00:03:58,713 [main] INFO  org.apache.hadoop.mapred.ClientServiceDelegate - Application state is completed. FinalApplicationStatus=SUCCEEDED. Redirecting to job history server
2021-04-06 00:03:58,777 [main] INFO  org.apache.hadoop.yarn.client.RMProxy - Connecting to ResourceManager at winter2021-comp421-1.cs.mcgill.ca/132.206.51.211:8032
2021-04-06 00:03:58,786 [main] INFO  org.apache.hadoop.mapred.ClientServiceDelegate - Application state is completed. FinalApplicationStatus=SUCCEEDED. Redirecting to job history server
2021-04-06 00:03:58,871 [main] INFO  org.apache.hadoop.yarn.client.RMProxy - Connecting to ResourceManager at winter2021-comp421-1.cs.mcgill.ca/132.206.51.211:8032
2021-04-06 00:03:58,885 [main] INFO  org.apache.hadoop.mapred.ClientServiceDelegate - Application state is completed. FinalApplicationStatus=SUCCEEDED. Redirecting to job history server
2021-04-06 00:03:58,939 [main] INFO  org.apache.hadoop.yarn.client.RMProxy - Connecting to ResourceManager at winter2021-comp421-1.cs.mcgill.ca/132.206.51.211:8032
2021-04-06 00:03:58,945 [main] INFO  org.apache.hadoop.mapred.ClientServiceDelegate - Application state is completed. FinalApplicationStatus=SUCCEEDED. Redirecting to job history server
2021-04-06 00:03:58,991 [main] INFO  org.apache.hadoop.yarn.client.RMProxy - Connecting to ResourceManager at winter2021-comp421-1.cs.mcgill.ca/132.206.51.211:8032
2021-04-06 00:03:58,995 [main] INFO  org.apache.hadoop.mapred.ClientServiceDelegate - Application state is completed. FinalApplicationStatus=SUCCEEDED. Redirecting to job history server
2021-04-06 00:03:59,034 [main] INFO  org.apache.pig.backend.hadoop.executionengine.mapReduceLayer.MapReduceLauncher - Success!
2021-04-06 00:03:59,042 [main] INFO  org.apache.hadoop.conf.Configuration.deprecation - fs.default.name is deprecated. Instead, use fs.defaultFS
2021-04-06 00:03:59,043 [main] INFO  org.apache.pig.data.SchemaTupleBackend - Key [pig.schematuple] was not set... will not generate code.
2021-04-06 00:03:59,049 [main] INFO  org.apache.hadoop.mapreduce.lib.input.FileInputFormat - Total input paths to process : 1
2021-04-06 00:03:59,049 [main] INFO  org.apache.pig.backend.hadoop.executionengine.util.MapRedUtil - Total input paths to process : 1
(Quebec,10558)
(Ontario,7175)
(Alberta,1956)
(British Columbia,1407)
(Manitoba,917)
(Saskatchewan,409)
2021-04-06 00:03:59,160 [main] INFO  org.apache.pig.Main - Pig script completed in 1 minute, 18 seconds and 77 milliseconds (78077 ms)
