21/04/05 23:53:13 INFO pig.ExecTypeProvider: Trying ExecType : LOCAL
21/04/05 23:53:13 INFO pig.ExecTypeProvider: Trying ExecType : MAPREDUCE
21/04/05 23:53:13 INFO pig.ExecTypeProvider: Picked MAPREDUCE as the ExecType
2021-04-05 23:53:13,545 [main] INFO  org.apache.pig.Main - Apache Pig version 0.15.0 (r1682971) compiled Jun 01 2015, 11:44:35
2021-04-05 23:53:13,545 [main] INFO  org.apache.pig.Main - Logging error messages to: /home/2017/tchang20/pig_1617681193543.log
2021-04-05 23:53:14,161 [main] INFO  org.apache.pig.impl.util.Utils - Default bootup file /home/2017/tchang20/.pigbootup not found
2021-04-05 23:53:14,276 [main] INFO  org.apache.hadoop.conf.Configuration.deprecation - mapred.job.tracker is deprecated. Instead, use mapreduce.jobtracker.address
2021-04-05 23:53:14,276 [main] INFO  org.apache.hadoop.conf.Configuration.deprecation - fs.default.name is deprecated. Instead, use fs.defaultFS
2021-04-05 23:53:14,276 [main] INFO  org.apache.pig.backend.hadoop.executionengine.HExecutionEngine - Connecting to hadoop file system at: hdfs://winter2021-comp421-1.cs.mcgill.ca:9000
2021-04-05 23:53:15,333 [main] INFO  org.apache.hadoop.conf.Configuration.deprecation - fs.default.name is deprecated. Instead, use fs.defaultFS
2021-04-05 23:53:15,721 [main] WARN  org.apache.pig.newplan.BaseOperatorPlan - Encountered Warning IMPLICIT_CAST_TO_DOUBLE 4 time(s).
2021-04-05 23:53:15,757 [main] INFO  org.apache.pig.tools.pigstats.ScriptState - Pig features used in the script: GROUP_BY,ORDER_BY,FILTER
2021-04-05 23:53:15,824 [main] INFO  org.apache.hadoop.conf.Configuration.deprecation - fs.default.name is deprecated. Instead, use fs.defaultFS
2021-04-05 23:53:15,830 [main] INFO  org.apache.pig.data.SchemaTupleBackend - Key [pig.schematuple] was not set... will not generate code.
2021-04-05 23:53:15,887 [main] INFO  org.apache.pig.newplan.logical.optimizer.LogicalPlanOptimizer - {RULES_ENABLED=[AddForEach, ColumnMapKeyPrune, ConstantCalculator, GroupByConstParallelSetter, LimitOptimizer, LoadTypeCastInserter, MergeFilter, MergeForEach, PartitionFilterOptimizer, PredicatePushdownOptimizer, PushDownForEachFlatten, PushUpFilter, SplitFilter, StreamTypeCastInserter]}
2021-04-05 23:53:16,027 [main] INFO  org.apache.hadoop.conf.Configuration.deprecation - fs.default.name is deprecated. Instead, use fs.defaultFS
2021-04-05 23:53:16,086 [main] INFO  org.apache.hadoop.conf.Configuration.deprecation - fs.default.name is deprecated. Instead, use fs.defaultFS
2021-04-05 23:53:16,222 [main] INFO  org.apache.pig.backend.hadoop.executionengine.mapReduceLayer.MRCompiler - File concatenation threshold: 100 optimistic? false
2021-04-05 23:53:16,263 [main] INFO  org.apache.pig.backend.hadoop.executionengine.util.CombinerOptimizerUtil - Choosing to move algebraic foreach to combiner
2021-04-05 23:53:16,289 [main] INFO  org.apache.pig.backend.hadoop.executionengine.mapReduceLayer.SecondaryKeyOptimizerMR - Using Secondary Key Optimization for MapReduce node scope-75
2021-04-05 23:53:16,305 [main] INFO  org.apache.pig.backend.hadoop.executionengine.mapReduceLayer.MultiQueryOptimizer - MR plan size before optimization: 5
2021-04-05 23:53:16,306 [main] INFO  org.apache.pig.backend.hadoop.executionengine.mapReduceLayer.MultiQueryOptimizer - Merged 1 map-reduce splittees.
2021-04-05 23:53:16,306 [main] INFO  org.apache.pig.backend.hadoop.executionengine.mapReduceLayer.MultiQueryOptimizer - Merged 1 out of total 3 MR operators.
2021-04-05 23:53:16,306 [main] INFO  org.apache.pig.backend.hadoop.executionengine.mapReduceLayer.MultiQueryOptimizer - MR plan size after optimization: 4
2021-04-05 23:53:16,352 [main] INFO  org.apache.hadoop.conf.Configuration.deprecation - fs.default.name is deprecated. Instead, use fs.defaultFS
2021-04-05 23:53:16,410 [main] INFO  org.apache.hadoop.yarn.client.RMProxy - Connecting to ResourceManager at winter2021-comp421-1.cs.mcgill.ca/132.206.51.211:8032
2021-04-05 23:53:16,729 [main] INFO  org.apache.pig.tools.pigstats.mapreduce.MRScriptState - Pig script settings are added to the job
2021-04-05 23:53:16,736 [main] INFO  org.apache.hadoop.conf.Configuration.deprecation - mapred.job.reduce.markreset.buffer.percent is deprecated. Instead, use mapreduce.reduce.markreset.buffer.percent
2021-04-05 23:53:16,736 [main] INFO  org.apache.pig.backend.hadoop.executionengine.mapReduceLayer.JobControlCompiler - mapred.job.reduce.markreset.buffer.percent is not set, set to default 0.3
2021-04-05 23:53:16,736 [main] INFO  org.apache.hadoop.conf.Configuration.deprecation - mapred.output.compress is deprecated. Instead, use mapreduce.output.fileoutputformat.compress
2021-04-05 23:53:16,739 [main] INFO  org.apache.pig.backend.hadoop.executionengine.mapReduceLayer.JobControlCompiler - Reduce phase detected, estimating # of required reducers.
2021-04-05 23:53:16,740 [main] INFO  org.apache.pig.backend.hadoop.executionengine.mapReduceLayer.JobControlCompiler - Using reducer estimator: org.apache.pig.backend.hadoop.executionengine.mapReduceLayer.InputSizeReducerEstimator
2021-04-05 23:53:16,755 [main] INFO  org.apache.pig.backend.hadoop.executionengine.mapReduceLayer.InputSizeReducerEstimator - BytesPerReducer=1000000000 maxReducers=999 totalInputFileSize=171822
2021-04-05 23:53:16,756 [main] INFO  org.apache.pig.backend.hadoop.executionengine.mapReduceLayer.JobControlCompiler - Setting Parallelism to 1
2021-04-05 23:53:16,756 [main] INFO  org.apache.hadoop.conf.Configuration.deprecation - mapred.reduce.tasks is deprecated. Instead, use mapreduce.job.reduces
2021-04-05 23:53:16,756 [main] INFO  org.apache.pig.backend.hadoop.executionengine.mapReduceLayer.JobControlCompiler - This job cannot be converted run in-process
2021-04-05 23:53:17,198 [main] INFO  org.apache.pig.backend.hadoop.executionengine.mapReduceLayer.JobControlCompiler - Added jar file:/data/cs421/softwares/apache/pig-0.15.0/pig-0.15.0-core-h2.jar to DistributedCache through /tmp/temp-1793934173/tmp639687566/pig-0.15.0-core-h2.jar
2021-04-05 23:53:17,230 [main] INFO  org.apache.pig.backend.hadoop.executionengine.mapReduceLayer.JobControlCompiler - Added jar file:/data/cs421/softwares/apache/pig-0.15.0/lib/automaton-1.11-8.jar to DistributedCache through /tmp/temp-1793934173/tmp-56357456/automaton-1.11-8.jar
2021-04-05 23:53:17,265 [main] INFO  org.apache.pig.backend.hadoop.executionengine.mapReduceLayer.JobControlCompiler - Added jar file:/data/cs421/softwares/apache/pig-0.15.0/lib/antlr-runtime-3.4.jar to DistributedCache through /tmp/temp-1793934173/tmp34126934/antlr-runtime-3.4.jar
2021-04-05 23:53:17,302 [main] INFO  org.apache.pig.backend.hadoop.executionengine.mapReduceLayer.JobControlCompiler - Added jar file:/data/cs421/softwares/apache/pig-0.15.0/lib/joda-time-2.5.jar to DistributedCache through /tmp/temp-1793934173/tmp-504551140/joda-time-2.5.jar
2021-04-05 23:53:17,364 [main] INFO  org.apache.pig.backend.hadoop.executionengine.mapReduceLayer.JobControlCompiler - Setting up multi store job
2021-04-05 23:53:17,376 [main] INFO  org.apache.pig.data.SchemaTupleFrontend - Key [pig.schematuple] is false, will not generate code.
2021-04-05 23:53:17,376 [main] INFO  org.apache.pig.data.SchemaTupleFrontend - Starting process to move generated code to distributed cacche
2021-04-05 23:53:17,377 [main] INFO  org.apache.pig.data.SchemaTupleFrontend - Setting key [pig.schematuple.classes] with classes to deserialize []
2021-04-05 23:53:17,561 [main] INFO  org.apache.pig.backend.hadoop.executionengine.mapReduceLayer.MapReduceLauncher - 1 map-reduce job(s) waiting for submission.
2021-04-05 23:53:17,563 [main] INFO  org.apache.hadoop.conf.Configuration.deprecation - mapred.job.tracker.http.address is deprecated. Instead, use mapreduce.jobtracker.http.address
2021-04-05 23:53:17,575 [JobControl] INFO  org.apache.hadoop.yarn.client.RMProxy - Connecting to ResourceManager at winter2021-comp421-1.cs.mcgill.ca/132.206.51.211:8032
2021-04-05 23:53:17,624 [JobControl] INFO  org.apache.hadoop.conf.Configuration.deprecation - fs.default.name is deprecated. Instead, use fs.defaultFS
2021-04-05 23:53:17,800 [JobControl] WARN  org.apache.hadoop.mapreduce.JobResourceUploader - No job jar file set.  User classes may not be found. See Job or Job#setJar(String).
2021-04-05 23:53:17,902 [JobControl] INFO  org.apache.hadoop.mapreduce.lib.input.FileInputFormat - Total input paths to process : 1
2021-04-05 23:53:17,903 [JobControl] INFO  org.apache.pig.backend.hadoop.executionengine.util.MapRedUtil - Total input paths to process : 1
2021-04-05 23:53:17,951 [JobControl] INFO  org.apache.pig.backend.hadoop.executionengine.util.MapRedUtil - Total input paths (combined) to process : 1
2021-04-05 23:53:18,057 [JobControl] INFO  org.apache.hadoop.mapreduce.JobSubmitter - number of splits:1
2021-04-05 23:53:18,281 [JobControl] INFO  org.apache.hadoop.mapreduce.JobSubmitter - Submitting tokens for job: job_1614804978562_6828
2021-04-05 23:53:18,565 [JobControl] INFO  org.apache.hadoop.mapred.YARNRunner - Job jar is not present. Not adding any jar to the list of resources.
2021-04-05 23:53:18,708 [JobControl] INFO  org.apache.hadoop.yarn.client.api.impl.YarnClientImpl - Submitted application application_1614804978562_6828
2021-04-05 23:53:18,788 [JobControl] INFO  org.apache.hadoop.mapreduce.Job - The url to track the job: http://winter2021-comp421-1.cs.mcgill.ca:8088/proxy/application_1614804978562_6828/
2021-04-05 23:53:18,789 [main] INFO  org.apache.pig.backend.hadoop.executionengine.mapReduceLayer.MapReduceLauncher - HadoopJobId: job_1614804978562_6828
2021-04-05 23:53:18,789 [main] INFO  org.apache.pig.backend.hadoop.executionengine.mapReduceLayer.MapReduceLauncher - Processing aliases QuebecCases,QuebecGroup,coviddata,totalDeaths
2021-04-05 23:53:18,789 [main] INFO  org.apache.pig.backend.hadoop.executionengine.mapReduceLayer.MapReduceLauncher - detailed locations: M: coviddata[4,12],coviddata[-1,-1],QuebecCases[7,14],totalDeaths[15,14],QuebecGroup[11,13] C: totalDeaths[15,14],QuebecGroup[11,13] R: totalDeaths[15,14]
2021-04-05 23:53:18,815 [main] INFO  org.apache.pig.backend.hadoop.executionengine.mapReduceLayer.MapReduceLauncher - 0% complete
2021-04-05 23:53:18,815 [main] INFO  org.apache.pig.backend.hadoop.executionengine.mapReduceLayer.MapReduceLauncher - Running jobs are [job_1614804978562_6828]
2021-04-05 23:53:33,024 [main] INFO  org.apache.pig.backend.hadoop.executionengine.mapReduceLayer.MapReduceLauncher - 12% complete
2021-04-05 23:53:33,024 [main] INFO  org.apache.pig.backend.hadoop.executionengine.mapReduceLayer.MapReduceLauncher - Running jobs are [job_1614804978562_6828]
2021-04-05 23:53:39,034 [main] INFO  org.apache.pig.backend.hadoop.executionengine.mapReduceLayer.MapReduceLauncher - 25% complete
2021-04-05 23:53:39,034 [main] INFO  org.apache.pig.backend.hadoop.executionengine.mapReduceLayer.MapReduceLauncher - Running jobs are [job_1614804978562_6828]
2021-04-05 23:53:44,064 [main] INFO  org.apache.hadoop.yarn.client.RMProxy - Connecting to ResourceManager at winter2021-comp421-1.cs.mcgill.ca/132.206.51.211:8032
2021-04-05 23:53:44,078 [main] INFO  org.apache.hadoop.mapred.ClientServiceDelegate - Application state is completed. FinalApplicationStatus=SUCCEEDED. Redirecting to job history server
2021-04-05 23:53:44,350 [main] INFO  org.apache.hadoop.yarn.client.RMProxy - Connecting to ResourceManager at winter2021-comp421-1.cs.mcgill.ca/132.206.51.211:8032
2021-04-05 23:53:44,359 [main] INFO  org.apache.hadoop.mapred.ClientServiceDelegate - Application state is completed. FinalApplicationStatus=SUCCEEDED. Redirecting to job history server
2021-04-05 23:53:44,506 [main] INFO  org.apache.hadoop.yarn.client.RMProxy - Connecting to ResourceManager at winter2021-comp421-1.cs.mcgill.ca/132.206.51.211:8032
2021-04-05 23:53:44,520 [main] INFO  org.apache.hadoop.mapred.ClientServiceDelegate - Application state is completed. FinalApplicationStatus=SUCCEEDED. Redirecting to job history server
2021-04-05 23:53:44,626 [main] INFO  org.apache.pig.tools.pigstats.mapreduce.MRScriptState - Pig script settings are added to the job
2021-04-05 23:53:44,627 [main] INFO  org.apache.pig.backend.hadoop.executionengine.mapReduceLayer.JobControlCompiler - mapred.job.reduce.markreset.buffer.percent is not set, set to default 0.3
2021-04-05 23:53:44,628 [main] INFO  org.apache.pig.backend.hadoop.executionengine.mapReduceLayer.JobControlCompiler - This job cannot be converted run in-process
2021-04-05 23:53:44,749 [main] INFO  org.apache.pig.backend.hadoop.executionengine.mapReduceLayer.JobControlCompiler - Added jar file:/data/cs421/softwares/apache/pig-0.15.0/pig-0.15.0-core-h2.jar to DistributedCache through /tmp/temp-1793934173/tmp-1175596246/pig-0.15.0-core-h2.jar
2021-04-05 23:53:44,791 [main] INFO  org.apache.pig.backend.hadoop.executionengine.mapReduceLayer.JobControlCompiler - Added jar file:/data/cs421/softwares/apache/pig-0.15.0/lib/automaton-1.11-8.jar to DistributedCache through /tmp/temp-1793934173/tmp-1631305410/automaton-1.11-8.jar
2021-04-05 23:53:44,826 [main] INFO  org.apache.pig.backend.hadoop.executionengine.mapReduceLayer.JobControlCompiler - Added jar file:/data/cs421/softwares/apache/pig-0.15.0/lib/antlr-runtime-3.4.jar to DistributedCache through /tmp/temp-1793934173/tmp860467457/antlr-runtime-3.4.jar
2021-04-05 23:53:44,865 [main] INFO  org.apache.pig.backend.hadoop.executionengine.mapReduceLayer.JobControlCompiler - Added jar file:/data/cs421/softwares/apache/pig-0.15.0/lib/joda-time-2.5.jar to DistributedCache through /tmp/temp-1793934173/tmp891627374/joda-time-2.5.jar
2021-04-05 23:53:44,889 [main] INFO  org.apache.pig.backend.hadoop.executionengine.mapReduceLayer.JobControlCompiler - Setting up single store job
2021-04-05 23:53:44,892 [main] INFO  org.apache.pig.data.SchemaTupleFrontend - Key [pig.schematuple] is false, will not generate code.
2021-04-05 23:53:44,892 [main] INFO  org.apache.pig.data.SchemaTupleFrontend - Starting process to move generated code to distributed cacche
2021-04-05 23:53:44,892 [main] INFO  org.apache.pig.data.SchemaTupleFrontend - Setting key [pig.schematuple.classes] with classes to deserialize []
2021-04-05 23:53:44,926 [main] INFO  org.apache.pig.backend.hadoop.executionengine.mapReduceLayer.MapReduceLauncher - 1 map-reduce job(s) waiting for submission.
2021-04-05 23:53:44,942 [JobControl] INFO  org.apache.hadoop.yarn.client.RMProxy - Connecting to ResourceManager at winter2021-comp421-1.cs.mcgill.ca/132.206.51.211:8032
2021-04-05 23:53:44,956 [JobControl] INFO  org.apache.hadoop.conf.Configuration.deprecation - fs.default.name is deprecated. Instead, use fs.defaultFS
2021-04-05 23:53:44,974 [JobControl] WARN  org.apache.hadoop.mapreduce.JobResourceUploader - No job jar file set.  User classes may not be found. See Job or Job#setJar(String).
2021-04-05 23:53:45,060 [JobControl] INFO  org.apache.hadoop.mapreduce.lib.input.FileInputFormat - Total input paths to process : 1
2021-04-05 23:53:45,060 [JobControl] INFO  org.apache.pig.backend.hadoop.executionengine.util.MapRedUtil - Total input paths to process : 1
2021-04-05 23:53:45,061 [JobControl] INFO  org.apache.pig.backend.hadoop.executionengine.util.MapRedUtil - Total input paths (combined) to process : 1
2021-04-05 23:53:45,117 [JobControl] INFO  org.apache.hadoop.mapreduce.JobSubmitter - number of splits:1
2021-04-05 23:53:45,196 [JobControl] INFO  org.apache.hadoop.mapreduce.JobSubmitter - Submitting tokens for job: job_1614804978562_6829
2021-04-05 23:53:45,199 [JobControl] INFO  org.apache.hadoop.mapred.YARNRunner - Job jar is not present. Not adding any jar to the list of resources.
2021-04-05 23:53:45,217 [JobControl] INFO  org.apache.hadoop.yarn.client.api.impl.YarnClientImpl - Submitted application application_1614804978562_6829
2021-04-05 23:53:45,219 [JobControl] INFO  org.apache.hadoop.mapreduce.Job - The url to track the job: http://winter2021-comp421-1.cs.mcgill.ca:8088/proxy/application_1614804978562_6829/
2021-04-05 23:53:45,434 [main] INFO  org.apache.pig.backend.hadoop.executionengine.mapReduceLayer.MapReduceLauncher - HadoopJobId: job_1614804978562_6829
2021-04-05 23:53:45,434 [main] INFO  org.apache.pig.backend.hadoop.executionengine.mapReduceLayer.MapReduceLauncher - Processing aliases deathPercent,filteredData
2021-04-05 23:53:45,434 [main] INFO  org.apache.pig.backend.hadoop.executionengine.mapReduceLayer.MapReduceLauncher - detailed locations: M: deathPercent[17,15],filteredData[19,15] C:  R: 
2021-04-05 23:53:57,562 [main] INFO  org.apache.pig.backend.hadoop.executionengine.mapReduceLayer.MapReduceLauncher - 37% complete
2021-04-05 23:53:57,562 [main] INFO  org.apache.pig.backend.hadoop.executionengine.mapReduceLayer.MapReduceLauncher - Running jobs are [job_1614804978562_6829]
2021-04-05 23:54:00,568 [main] INFO  org.apache.pig.backend.hadoop.executionengine.mapReduceLayer.MapReduceLauncher - 50% complete
2021-04-05 23:54:00,577 [main] INFO  org.apache.hadoop.yarn.client.RMProxy - Connecting to ResourceManager at winter2021-comp421-1.cs.mcgill.ca/132.206.51.211:8032
2021-04-05 23:54:00,583 [main] INFO  org.apache.hadoop.mapred.ClientServiceDelegate - Application state is completed. FinalApplicationStatus=SUCCEEDED. Redirecting to job history server
2021-04-05 23:54:00,780 [main] INFO  org.apache.hadoop.yarn.client.RMProxy - Connecting to ResourceManager at winter2021-comp421-1.cs.mcgill.ca/132.206.51.211:8032
2021-04-05 23:54:00,789 [main] INFO  org.apache.hadoop.mapred.ClientServiceDelegate - Application state is completed. FinalApplicationStatus=SUCCEEDED. Redirecting to job history server
2021-04-05 23:54:00,868 [main] INFO  org.apache.hadoop.yarn.client.RMProxy - Connecting to ResourceManager at winter2021-comp421-1.cs.mcgill.ca/132.206.51.211:8032
2021-04-05 23:54:00,875 [main] INFO  org.apache.hadoop.mapred.ClientServiceDelegate - Application state is completed. FinalApplicationStatus=SUCCEEDED. Redirecting to job history server
2021-04-05 23:54:00,932 [main] INFO  org.apache.pig.tools.pigstats.mapreduce.MRScriptState - Pig script settings are added to the job
2021-04-05 23:54:00,933 [main] INFO  org.apache.pig.backend.hadoop.executionengine.mapReduceLayer.JobControlCompiler - mapred.job.reduce.markreset.buffer.percent is not set, set to default 0.3
2021-04-05 23:54:00,934 [main] INFO  org.apache.pig.backend.hadoop.executionengine.mapReduceLayer.JobControlCompiler - Reduce phase detected, estimating # of required reducers.
2021-04-05 23:54:00,934 [main] INFO  org.apache.pig.backend.hadoop.executionengine.mapReduceLayer.JobControlCompiler - Using reducer estimator: org.apache.pig.backend.hadoop.executionengine.mapReduceLayer.InputSizeReducerEstimator
2021-04-05 23:54:00,946 [main] INFO  org.apache.pig.backend.hadoop.executionengine.mapReduceLayer.InputSizeReducerEstimator - BytesPerReducer=1000000000 maxReducers=999 totalInputFileSize=369
2021-04-05 23:54:00,947 [main] INFO  org.apache.pig.backend.hadoop.executionengine.mapReduceLayer.JobControlCompiler - Setting Parallelism to 1
2021-04-05 23:54:00,947 [main] INFO  org.apache.pig.backend.hadoop.executionengine.mapReduceLayer.JobControlCompiler - This job cannot be converted run in-process
2021-04-05 23:54:01,026 [main] INFO  org.apache.pig.backend.hadoop.executionengine.mapReduceLayer.JobControlCompiler - Added jar file:/data/cs421/softwares/apache/pig-0.15.0/pig-0.15.0-core-h2.jar to DistributedCache through /tmp/temp-1793934173/tmp11132825/pig-0.15.0-core-h2.jar
2021-04-05 23:54:01,056 [main] INFO  org.apache.pig.backend.hadoop.executionengine.mapReduceLayer.JobControlCompiler - Added jar file:/data/cs421/softwares/apache/pig-0.15.0/lib/automaton-1.11-8.jar to DistributedCache through /tmp/temp-1793934173/tmp1118322603/automaton-1.11-8.jar
2021-04-05 23:54:01,086 [main] INFO  org.apache.pig.backend.hadoop.executionengine.mapReduceLayer.JobControlCompiler - Added jar file:/data/cs421/softwares/apache/pig-0.15.0/lib/antlr-runtime-3.4.jar to DistributedCache through /tmp/temp-1793934173/tmp-397052813/antlr-runtime-3.4.jar
2021-04-05 23:54:01,118 [main] INFO  org.apache.pig.backend.hadoop.executionengine.mapReduceLayer.JobControlCompiler - Added jar file:/data/cs421/softwares/apache/pig-0.15.0/lib/joda-time-2.5.jar to DistributedCache through /tmp/temp-1793934173/tmp268295198/joda-time-2.5.jar
2021-04-05 23:54:01,134 [main] INFO  org.apache.pig.backend.hadoop.executionengine.mapReduceLayer.JobControlCompiler - Setting up single store job
2021-04-05 23:54:01,135 [main] INFO  org.apache.pig.data.SchemaTupleFrontend - Key [pig.schematuple] is false, will not generate code.
2021-04-05 23:54:01,135 [main] INFO  org.apache.pig.data.SchemaTupleFrontend - Starting process to move generated code to distributed cacche
2021-04-05 23:54:01,135 [main] INFO  org.apache.pig.data.SchemaTupleFrontend - Setting key [pig.schematuple.classes] with classes to deserialize []
2021-04-05 23:54:01,167 [main] INFO  org.apache.pig.backend.hadoop.executionengine.mapReduceLayer.MapReduceLauncher - 1 map-reduce job(s) waiting for submission.
2021-04-05 23:54:01,173 [JobControl] INFO  org.apache.hadoop.yarn.client.RMProxy - Connecting to ResourceManager at winter2021-comp421-1.cs.mcgill.ca/132.206.51.211:8032
2021-04-05 23:54:01,184 [JobControl] INFO  org.apache.hadoop.conf.Configuration.deprecation - fs.default.name is deprecated. Instead, use fs.defaultFS
2021-04-05 23:54:01,200 [JobControl] WARN  org.apache.hadoop.mapreduce.JobResourceUploader - No job jar file set.  User classes may not be found. See Job or Job#setJar(String).
2021-04-05 23:54:01,235 [JobControl] INFO  org.apache.hadoop.mapreduce.lib.input.FileInputFormat - Total input paths to process : 1
2021-04-05 23:54:01,235 [JobControl] INFO  org.apache.pig.backend.hadoop.executionengine.util.MapRedUtil - Total input paths to process : 1
2021-04-05 23:54:01,236 [JobControl] INFO  org.apache.pig.backend.hadoop.executionengine.util.MapRedUtil - Total input paths (combined) to process : 1
2021-04-05 23:54:01,300 [JobControl] INFO  org.apache.hadoop.mapreduce.JobSubmitter - number of splits:1
2021-04-05 23:54:01,363 [JobControl] INFO  org.apache.hadoop.mapreduce.JobSubmitter - Submitting tokens for job: job_1614804978562_6830
2021-04-05 23:54:01,377 [JobControl] INFO  org.apache.hadoop.mapred.YARNRunner - Job jar is not present. Not adding any jar to the list of resources.
2021-04-05 23:54:01,415 [JobControl] INFO  org.apache.hadoop.yarn.client.api.impl.YarnClientImpl - Submitted application application_1614804978562_6830
2021-04-05 23:54:01,419 [JobControl] INFO  org.apache.hadoop.mapreduce.Job - The url to track the job: http://winter2021-comp421-1.cs.mcgill.ca:8088/proxy/application_1614804978562_6830/
2021-04-05 23:54:01,670 [main] INFO  org.apache.pig.backend.hadoop.executionengine.mapReduceLayer.MapReduceLauncher - HadoopJobId: job_1614804978562_6830
2021-04-05 23:54:01,670 [main] INFO  org.apache.pig.backend.hadoop.executionengine.mapReduceLayer.MapReduceLauncher - Processing aliases orderData
2021-04-05 23:54:01,670 [main] INFO  org.apache.pig.backend.hadoop.executionengine.mapReduceLayer.MapReduceLauncher - detailed locations: M: orderData[22,12] C:  R: 
2021-04-05 23:54:15,809 [main] INFO  org.apache.pig.backend.hadoop.executionengine.mapReduceLayer.MapReduceLauncher - 62% complete
2021-04-05 23:54:15,809 [main] INFO  org.apache.pig.backend.hadoop.executionengine.mapReduceLayer.MapReduceLauncher - Running jobs are [job_1614804978562_6830]
2021-04-05 23:54:21,820 [main] INFO  org.apache.pig.backend.hadoop.executionengine.mapReduceLayer.MapReduceLauncher - 75% complete
2021-04-05 23:54:21,820 [main] INFO  org.apache.pig.backend.hadoop.executionengine.mapReduceLayer.MapReduceLauncher - Running jobs are [job_1614804978562_6830]
2021-04-05 23:54:26,851 [main] INFO  org.apache.hadoop.yarn.client.RMProxy - Connecting to ResourceManager at winter2021-comp421-1.cs.mcgill.ca/132.206.51.211:8032
2021-04-05 23:54:26,872 [main] INFO  org.apache.hadoop.mapred.ClientServiceDelegate - Application state is completed. FinalApplicationStatus=SUCCEEDED. Redirecting to job history server
2021-04-05 23:54:26,945 [main] INFO  org.apache.hadoop.yarn.client.RMProxy - Connecting to ResourceManager at winter2021-comp421-1.cs.mcgill.ca/132.206.51.211:8032
2021-04-05 23:54:26,952 [main] INFO  org.apache.hadoop.mapred.ClientServiceDelegate - Application state is completed. FinalApplicationStatus=SUCCEEDED. Redirecting to job history server
2021-04-05 23:54:27,009 [main] INFO  org.apache.hadoop.yarn.client.RMProxy - Connecting to ResourceManager at winter2021-comp421-1.cs.mcgill.ca/132.206.51.211:8032
2021-04-05 23:54:27,014 [main] INFO  org.apache.hadoop.mapred.ClientServiceDelegate - Application state is completed. FinalApplicationStatus=SUCCEEDED. Redirecting to job history server
2021-04-05 23:54:27,073 [main] INFO  org.apache.pig.tools.pigstats.mapreduce.MRScriptState - Pig script settings are added to the job
2021-04-05 23:54:27,073 [main] INFO  org.apache.pig.backend.hadoop.executionengine.mapReduceLayer.JobControlCompiler - mapred.job.reduce.markreset.buffer.percent is not set, set to default 0.3
2021-04-05 23:54:27,074 [main] INFO  org.apache.pig.backend.hadoop.executionengine.mapReduceLayer.JobControlCompiler - Reduce phase detected, estimating # of required reducers.
2021-04-05 23:54:27,074 [main] INFO  org.apache.pig.backend.hadoop.executionengine.mapReduceLayer.JobControlCompiler - Setting Parallelism to 1
2021-04-05 23:54:27,074 [main] INFO  org.apache.pig.backend.hadoop.executionengine.mapReduceLayer.JobControlCompiler - This job cannot be converted run in-process
2021-04-05 23:54:27,154 [main] INFO  org.apache.pig.backend.hadoop.executionengine.mapReduceLayer.JobControlCompiler - Added jar file:/data/cs421/softwares/apache/pig-0.15.0/pig-0.15.0-core-h2.jar to DistributedCache through /tmp/temp-1793934173/tmp1172387506/pig-0.15.0-core-h2.jar
2021-04-05 23:54:27,181 [main] INFO  org.apache.pig.backend.hadoop.executionengine.mapReduceLayer.JobControlCompiler - Added jar file:/data/cs421/softwares/apache/pig-0.15.0/lib/automaton-1.11-8.jar to DistributedCache through /tmp/temp-1793934173/tmp858031028/automaton-1.11-8.jar
2021-04-05 23:54:27,213 [main] INFO  org.apache.pig.backend.hadoop.executionengine.mapReduceLayer.JobControlCompiler - Added jar file:/data/cs421/softwares/apache/pig-0.15.0/lib/antlr-runtime-3.4.jar to DistributedCache through /tmp/temp-1793934173/tmp989435203/antlr-runtime-3.4.jar
2021-04-05 23:54:27,293 [main] INFO  org.apache.pig.backend.hadoop.executionengine.mapReduceLayer.JobControlCompiler - Added jar file:/data/cs421/softwares/apache/pig-0.15.0/lib/joda-time-2.5.jar to DistributedCache through /tmp/temp-1793934173/tmp-1383500691/joda-time-2.5.jar
2021-04-05 23:54:27,327 [main] INFO  org.apache.pig.backend.hadoop.executionengine.mapReduceLayer.JobControlCompiler - Setting up single store job
2021-04-05 23:54:27,328 [main] INFO  org.apache.pig.data.SchemaTupleFrontend - Key [pig.schematuple] is false, will not generate code.
2021-04-05 23:54:27,328 [main] INFO  org.apache.pig.data.SchemaTupleFrontend - Starting process to move generated code to distributed cacche
2021-04-05 23:54:27,328 [main] INFO  org.apache.pig.data.SchemaTupleFrontend - Setting key [pig.schematuple.classes] with classes to deserialize []
2021-04-05 23:54:27,356 [main] INFO  org.apache.pig.backend.hadoop.executionengine.mapReduceLayer.MapReduceLauncher - 1 map-reduce job(s) waiting for submission.
2021-04-05 23:54:27,371 [JobControl] INFO  org.apache.hadoop.yarn.client.RMProxy - Connecting to ResourceManager at winter2021-comp421-1.cs.mcgill.ca/132.206.51.211:8032
2021-04-05 23:54:27,384 [JobControl] INFO  org.apache.hadoop.conf.Configuration.deprecation - fs.default.name is deprecated. Instead, use fs.defaultFS
2021-04-05 23:54:27,408 [JobControl] WARN  org.apache.hadoop.mapreduce.JobResourceUploader - No job jar file set.  User classes may not be found. See Job or Job#setJar(String).
2021-04-05 23:54:27,438 [JobControl] INFO  org.apache.hadoop.mapreduce.lib.input.FileInputFormat - Total input paths to process : 1
2021-04-05 23:54:27,438 [JobControl] INFO  org.apache.pig.backend.hadoop.executionengine.util.MapRedUtil - Total input paths to process : 1
2021-04-05 23:54:27,438 [JobControl] INFO  org.apache.pig.backend.hadoop.executionengine.util.MapRedUtil - Total input paths (combined) to process : 1
2021-04-05 23:54:27,487 [JobControl] INFO  org.apache.hadoop.mapreduce.JobSubmitter - number of splits:1
2021-04-05 23:54:27,528 [JobControl] INFO  org.apache.hadoop.mapreduce.JobSubmitter - Submitting tokens for job: job_1614804978562_6831
2021-04-05 23:54:27,532 [JobControl] INFO  org.apache.hadoop.mapred.YARNRunner - Job jar is not present. Not adding any jar to the list of resources.
2021-04-05 23:54:27,567 [JobControl] INFO  org.apache.hadoop.yarn.client.api.impl.YarnClientImpl - Submitted application application_1614804978562_6831
2021-04-05 23:54:27,571 [JobControl] INFO  org.apache.hadoop.mapreduce.Job - The url to track the job: http://winter2021-comp421-1.cs.mcgill.ca:8088/proxy/application_1614804978562_6831/
2021-04-05 23:54:27,870 [main] INFO  org.apache.pig.backend.hadoop.executionengine.mapReduceLayer.MapReduceLauncher - HadoopJobId: job_1614804978562_6831
2021-04-05 23:54:27,870 [main] INFO  org.apache.pig.backend.hadoop.executionengine.mapReduceLayer.MapReduceLauncher - Processing aliases orderData
2021-04-05 23:54:27,870 [main] INFO  org.apache.pig.backend.hadoop.executionengine.mapReduceLayer.MapReduceLauncher - detailed locations: M: orderData[22,12] C:  R: 
2021-04-05 23:54:40,011 [main] INFO  org.apache.pig.backend.hadoop.executionengine.mapReduceLayer.MapReduceLauncher - 87% complete
2021-04-05 23:54:40,011 [main] INFO  org.apache.pig.backend.hadoop.executionengine.mapReduceLayer.MapReduceLauncher - Running jobs are [job_1614804978562_6831]
2021-04-05 23:54:47,026 [main] INFO  org.apache.pig.backend.hadoop.executionengine.mapReduceLayer.MapReduceLauncher - Running jobs are [job_1614804978562_6831]
2021-04-05 23:54:48,035 [main] INFO  org.apache.hadoop.yarn.client.RMProxy - Connecting to ResourceManager at winter2021-comp421-1.cs.mcgill.ca/132.206.51.211:8032
2021-04-05 23:54:48,051 [main] INFO  org.apache.hadoop.mapred.ClientServiceDelegate - Application state is completed. FinalApplicationStatus=SUCCEEDED. Redirecting to job history server
2021-04-05 23:54:48,236 [main] INFO  org.apache.hadoop.yarn.client.RMProxy - Connecting to ResourceManager at winter2021-comp421-1.cs.mcgill.ca/132.206.51.211:8032
2021-04-05 23:54:48,246 [main] INFO  org.apache.hadoop.mapred.ClientServiceDelegate - Application state is completed. FinalApplicationStatus=SUCCEEDED. Redirecting to job history server
2021-04-05 23:54:48,308 [main] INFO  org.apache.hadoop.yarn.client.RMProxy - Connecting to ResourceManager at winter2021-comp421-1.cs.mcgill.ca/132.206.51.211:8032
2021-04-05 23:54:48,315 [main] INFO  org.apache.hadoop.mapred.ClientServiceDelegate - Application state is completed. FinalApplicationStatus=SUCCEEDED. Redirecting to job history server
2021-04-05 23:54:48,375 [main] INFO  org.apache.pig.backend.hadoop.executionengine.mapReduceLayer.MapReduceLauncher - 100% complete
2021-04-05 23:54:48,405 [main] INFO  org.apache.pig.tools.pigstats.mapreduce.SimplePigStats - Script Statistics: 

HadoopVersion	PigVersion	UserId	StartedAt	FinishedAt	Features
2.7.2	0.15.0	tchang20	2021-04-05 23:53:16	2021-04-05 23:54:48	GROUP_BY,ORDER_BY,FILTER

Success!

Job Stats (time in seconds):
JobId	Maps	Reduces	MaxMapTime	MinMapTime	AvgMapTime	MedianMapTime	MaxReduceTime	MinReduceTime	AvgReduceTime	MedianReducetime	Alias	Feature	Outputs
job_1614804978562_6828	1	1	4	4	4	4	3	3	3	3	QuebecCases,QuebecGroup,coviddata,totalDeaths	MULTI_QUERY,COMBINER	
job_1614804978562_6829	1	0	4	4	4	4	0	0	0	0	deathPercent,filteredData	MAP_ONLY	
job_1614804978562_6830	1	1	4	4	4	4	4	4	4	4	orderData	SAMPLER	
job_1614804978562_6831	1	1	3	3	3	3	4	4	4	4	orderData	ORDER_BY	hdfs://winter2021-comp421-1.cs.mcgill.ca:9000/tmp/temp-1793934173/tmp1167078355,

Input(s):
Successfully read 4864 records (172217 bytes) from: "/data/Covid19Canada.csv"

Output(s):
Successfully stored 13 records (369 bytes) in: "hdfs://winter2021-comp421-1.cs.mcgill.ca:9000/tmp/temp-1793934173/tmp1167078355"

Counters:
Total records written : 13
Total bytes written : 369
Spillable Memory Manager spill count : 0
Total bags proactively spilled: 0
Total records proactively spilled: 0

Job DAG:
job_1614804978562_6828	->	job_1614804978562_6829,
job_1614804978562_6829	->	job_1614804978562_6830,
job_1614804978562_6830	->	job_1614804978562_6831,
job_1614804978562_6831


2021-04-05 23:54:48,409 [main] INFO  org.apache.hadoop.yarn.client.RMProxy - Connecting to ResourceManager at winter2021-comp421-1.cs.mcgill.ca/132.206.51.211:8032
2021-04-05 23:54:48,414 [main] INFO  org.apache.hadoop.mapred.ClientServiceDelegate - Application state is completed. FinalApplicationStatus=SUCCEEDED. Redirecting to job history server
2021-04-05 23:54:48,485 [main] INFO  org.apache.hadoop.yarn.client.RMProxy - Connecting to ResourceManager at winter2021-comp421-1.cs.mcgill.ca/132.206.51.211:8032
2021-04-05 23:54:48,490 [main] INFO  org.apache.hadoop.mapred.ClientServiceDelegate - Application state is completed. FinalApplicationStatus=SUCCEEDED. Redirecting to job history server
2021-04-05 23:54:48,548 [main] INFO  org.apache.hadoop.yarn.client.RMProxy - Connecting to ResourceManager at winter2021-comp421-1.cs.mcgill.ca/132.206.51.211:8032
2021-04-05 23:54:48,553 [main] INFO  org.apache.hadoop.mapred.ClientServiceDelegate - Application state is completed. FinalApplicationStatus=SUCCEEDED. Redirecting to job history server
2021-04-05 23:54:48,610 [main] INFO  org.apache.hadoop.yarn.client.RMProxy - Connecting to ResourceManager at winter2021-comp421-1.cs.mcgill.ca/132.206.51.211:8032
2021-04-05 23:54:48,616 [main] INFO  org.apache.hadoop.mapred.ClientServiceDelegate - Application state is completed. FinalApplicationStatus=SUCCEEDED. Redirecting to job history server
2021-04-05 23:54:48,676 [main] INFO  org.apache.hadoop.yarn.client.RMProxy - Connecting to ResourceManager at winter2021-comp421-1.cs.mcgill.ca/132.206.51.211:8032
2021-04-05 23:54:48,681 [main] INFO  org.apache.hadoop.mapred.ClientServiceDelegate - Application state is completed. FinalApplicationStatus=SUCCEEDED. Redirecting to job history server
2021-04-05 23:54:48,734 [main] INFO  org.apache.hadoop.yarn.client.RMProxy - Connecting to ResourceManager at winter2021-comp421-1.cs.mcgill.ca/132.206.51.211:8032
2021-04-05 23:54:48,745 [main] INFO  org.apache.hadoop.mapred.ClientServiceDelegate - Application state is completed. FinalApplicationStatus=SUCCEEDED. Redirecting to job history server
2021-04-05 23:54:48,805 [main] INFO  org.apache.hadoop.yarn.client.RMProxy - Connecting to ResourceManager at winter2021-comp421-1.cs.mcgill.ca/132.206.51.211:8032
2021-04-05 23:54:48,811 [main] INFO  org.apache.hadoop.mapred.ClientServiceDelegate - Application state is completed. FinalApplicationStatus=SUCCEEDED. Redirecting to job history server
2021-04-05 23:54:48,868 [main] INFO  org.apache.hadoop.yarn.client.RMProxy - Connecting to ResourceManager at winter2021-comp421-1.cs.mcgill.ca/132.206.51.211:8032
2021-04-05 23:54:48,873 [main] INFO  org.apache.hadoop.mapred.ClientServiceDelegate - Application state is completed. FinalApplicationStatus=SUCCEEDED. Redirecting to job history server
2021-04-05 23:54:48,923 [main] INFO  org.apache.hadoop.yarn.client.RMProxy - Connecting to ResourceManager at winter2021-comp421-1.cs.mcgill.ca/132.206.51.211:8032
2021-04-05 23:54:48,929 [main] INFO  org.apache.hadoop.mapred.ClientServiceDelegate - Application state is completed. FinalApplicationStatus=SUCCEEDED. Redirecting to job history server
2021-04-05 23:54:48,987 [main] INFO  org.apache.hadoop.yarn.client.RMProxy - Connecting to ResourceManager at winter2021-comp421-1.cs.mcgill.ca/132.206.51.211:8032
2021-04-05 23:54:48,992 [main] INFO  org.apache.hadoop.mapred.ClientServiceDelegate - Application state is completed. FinalApplicationStatus=SUCCEEDED. Redirecting to job history server
2021-04-05 23:54:49,047 [main] INFO  org.apache.hadoop.yarn.client.RMProxy - Connecting to ResourceManager at winter2021-comp421-1.cs.mcgill.ca/132.206.51.211:8032
2021-04-05 23:54:49,053 [main] INFO  org.apache.hadoop.mapred.ClientServiceDelegate - Application state is completed. FinalApplicationStatus=SUCCEEDED. Redirecting to job history server
2021-04-05 23:54:49,112 [main] INFO  org.apache.hadoop.yarn.client.RMProxy - Connecting to ResourceManager at winter2021-comp421-1.cs.mcgill.ca/132.206.51.211:8032
2021-04-05 23:54:49,118 [main] INFO  org.apache.hadoop.mapred.ClientServiceDelegate - Application state is completed. FinalApplicationStatus=SUCCEEDED. Redirecting to job history server
2021-04-05 23:54:49,169 [main] INFO  org.apache.pig.backend.hadoop.executionengine.mapReduceLayer.MapReduceLauncher - Success!
2021-04-05 23:54:49,173 [main] INFO  org.apache.hadoop.conf.Configuration.deprecation - fs.default.name is deprecated. Instead, use fs.defaultFS
2021-04-05 23:54:49,180 [main] INFO  org.apache.pig.data.SchemaTupleBackend - Key [pig.schematuple] was not set... will not generate code.
2021-04-05 23:54:49,187 [main] INFO  org.apache.hadoop.mapreduce.lib.input.FileInputFormat - Total input paths to process : 1
2021-04-05 23:54:49,187 [main] INFO  org.apache.pig.backend.hadoop.executionengine.util.MapRedUtil - Total input paths to process : 1
(2020-04-16,143,1.3544231862095093)
(2020-04-18,117,1.1081644250805076)
(2020-04-23,109,1.0323924985792763)
(2020-04-25,106,1.0039780261413147)
(2020-05-01,163,1.5438530024625876)
(2020-05-02,114,1.0797499526425458)
(2020-05-05,118,1.1176359158931617)
(2020-05-06,112,1.060806971017238)
(2020-05-07,121,1.1460503883311233)
(2020-05-10,142,1.3449516953968554)
(2020-05-12,118,1.1176359158931617)
(2020-05-14,131,1.2407652964576625)
(2020-05-31,202,1.9132411441560901)
2021-04-05 23:54:49,321 [main] INFO  org.apache.pig.Main - Pig script completed in 1 minute, 35 seconds and 982 milliseconds (95982 ms)
